13:32:56:754  INFO 20900 --- [main] com.hmall.pay.PayApplication             : Starting PayApplication using Java 22.0.1 on LAPTOP-2L2RPIOA with PID 20900 (E:\Microservices Mall\hmall\pay-service\target\classes started by keyist in E:\Microservices Mall\hmall)
13:32:56:757 DEBUG 20900 --- [main] com.hmall.pay.PayApplication             : Running with Spring Boot v2.7.12, Spring v5.3.27
13:32:56:757  INFO 20900 --- [main] com.hmall.pay.PayApplication             : The following 1 profile is active: "dev"
13:32:57:584  INFO 20900 --- [main] o.s.cloud.context.scope.GenericScope     : BeanFactory id=5866910f-83b4-30ee-b8d1-8731ca184d67
13:32:57:983  INFO 20900 --- [main] o.s.b.w.embedded.tomcat.TomcatWebServer  : Tomcat initialized with port(s): 8086 (http)
13:32:57:994  INFO 20900 --- [main] o.apache.catalina.core.StandardService   : Starting service [Tomcat]
13:32:57:994  INFO 20900 --- [main] org.apache.catalina.core.StandardEngine  : Starting Servlet engine: [Apache Tomcat/9.0.75]
13:32:58:128  INFO 20900 --- [main] o.a.c.c.C.[Tomcat].[localhost].[/]       : Initializing Spring embedded WebApplicationContext
13:32:58:129  INFO 20900 --- [main] w.s.c.ServletWebServerApplicationContext : Root WebApplicationContext: initialization completed in 1333 ms
13:32:58:300  INFO 20900 --- [main] o.s.c.openfeign.FeignClientFactoryBean   : For 'user-service' URL not provided. Will try picking an instance via load-balancing.
13:32:58:327  WARN 20900 --- [main] ConfigServletWebServerApplicationContext : Exception encountered during context initialization - cancelling refresh attempt: org.springframework.beans.factory.UnsatisfiedDependencyException: Error creating bean with name 'payController' defined in file [E:\Microservices Mall\hmall\pay-service\target\classes\com\hmall\pay\controller\PayController.class]: Unsatisfied dependency expressed through constructor parameter 0; nested exception is org.springframework.beans.factory.UnsatisfiedDependencyException: Error creating bean with name 'payOrderServiceImpl' defined in file [E:\Microservices Mall\hmall\pay-service\target\classes\com\hmall\pay\service\impl\PayOrderServiceImpl.class]: Unsatisfied dependency expressed through constructor parameter 1; nested exception is org.springframework.beans.factory.NoSuchBeanDefinitionException: No qualifying bean of type 'com.hmall.api.client.TradeClient' available: expected at least 1 bean which qualifies as autowire candidate. Dependency annotations: {}
13:32:58:329  INFO 20900 --- [main] o.apache.catalina.core.StandardService   : Stopping service [Tomcat]
13:32:58:340  INFO 20900 --- [main] ConditionEvaluationReportLoggingListener : 

Error starting ApplicationContext. To display the conditions report re-run your application with 'debug' enabled.
13:32:58:356 ERROR 20900 --- [main] o.s.b.d.LoggingFailureAnalysisReporter   : 

***************************
APPLICATION FAILED TO START
***************************

Description:

Parameter 1 of constructor in com.hmall.pay.service.impl.PayOrderServiceImpl required a bean of type 'com.hmall.api.client.TradeClient' that could not be found.


Action:

Consider defining a bean of type 'com.hmall.api.client.TradeClient' in your configuration.

13:33:49:512  INFO 4128 --- [main] com.hmall.pay.PayApplication             : Starting PayApplication using Java 22.0.1 on LAPTOP-2L2RPIOA with PID 4128 (E:\Microservices Mall\hmall\pay-service\target\classes started by keyist in E:\Microservices Mall\hmall)
13:33:49:514 DEBUG 4128 --- [main] com.hmall.pay.PayApplication             : Running with Spring Boot v2.7.12, Spring v5.3.27
13:33:49:514  INFO 4128 --- [main] com.hmall.pay.PayApplication             : The following 1 profile is active: "local"
13:33:50:424  INFO 4128 --- [main] o.s.cloud.context.scope.GenericScope     : BeanFactory id=5866910f-83b4-30ee-b8d1-8731ca184d67
13:33:50:807  INFO 4128 --- [main] o.s.b.w.embedded.tomcat.TomcatWebServer  : Tomcat initialized with port(s): 8086 (http)
13:33:50:816  INFO 4128 --- [main] o.apache.catalina.core.StandardService   : Starting service [Tomcat]
13:33:50:817  INFO 4128 --- [main] org.apache.catalina.core.StandardEngine  : Starting Servlet engine: [Apache Tomcat/9.0.75]
13:33:51:001  INFO 4128 --- [main] o.a.c.c.C.[Tomcat].[localhost].[/]       : Initializing Spring embedded WebApplicationContext
13:33:51:001  INFO 4128 --- [main] w.s.c.ServletWebServerApplicationContext : Root WebApplicationContext: initialization completed in 1445 ms
13:33:51:183  INFO 4128 --- [main] o.s.c.openfeign.FeignClientFactoryBean   : For 'user-service' URL not provided. Will try picking an instance via load-balancing.
13:33:51:208  WARN 4128 --- [main] ConfigServletWebServerApplicationContext : Exception encountered during context initialization - cancelling refresh attempt: org.springframework.beans.factory.UnsatisfiedDependencyException: Error creating bean with name 'payController' defined in file [E:\Microservices Mall\hmall\pay-service\target\classes\com\hmall\pay\controller\PayController.class]: Unsatisfied dependency expressed through constructor parameter 0; nested exception is org.springframework.beans.factory.UnsatisfiedDependencyException: Error creating bean with name 'payOrderServiceImpl' defined in file [E:\Microservices Mall\hmall\pay-service\target\classes\com\hmall\pay\service\impl\PayOrderServiceImpl.class]: Unsatisfied dependency expressed through constructor parameter 1; nested exception is org.springframework.beans.factory.NoSuchBeanDefinitionException: No qualifying bean of type 'com.hmall.api.client.TradeClient' available: expected at least 1 bean which qualifies as autowire candidate. Dependency annotations: {}
13:33:51:210  INFO 4128 --- [main] o.apache.catalina.core.StandardService   : Stopping service [Tomcat]
13:33:51:219  INFO 4128 --- [main] ConditionEvaluationReportLoggingListener : 

Error starting ApplicationContext. To display the conditions report re-run your application with 'debug' enabled.
13:33:51:234 ERROR 4128 --- [main] o.s.b.d.LoggingFailureAnalysisReporter   : 

***************************
APPLICATION FAILED TO START
***************************

Description:

Parameter 1 of constructor in com.hmall.pay.service.impl.PayOrderServiceImpl required a bean of type 'com.hmall.api.client.TradeClient' that could not be found.


Action:

Consider defining a bean of type 'com.hmall.api.client.TradeClient' in your configuration.

13:34:38:555  INFO 10164 --- [main] com.hmall.pay.PayApplication             : Starting PayApplication using Java 22.0.1 on LAPTOP-2L2RPIOA with PID 10164 (E:\Microservices Mall\hmall\pay-service\target\classes started by keyist in E:\Microservices Mall\hmall)
13:34:38:557 DEBUG 10164 --- [main] com.hmall.pay.PayApplication             : Running with Spring Boot v2.7.12, Spring v5.3.27
13:34:38:557  INFO 10164 --- [main] com.hmall.pay.PayApplication             : The following 1 profile is active: "local"
13:34:39:335  INFO 10164 --- [main] o.s.cloud.context.scope.GenericScope     : BeanFactory id=8eb72cec-0928-3cc9-bae0-bab6eb26ee0a
13:34:39:707  INFO 10164 --- [main] o.s.b.w.embedded.tomcat.TomcatWebServer  : Tomcat initialized with port(s): 8086 (http)
13:34:39:715  INFO 10164 --- [main] o.apache.catalina.core.StandardService   : Starting service [Tomcat]
13:34:39:715  INFO 10164 --- [main] org.apache.catalina.core.StandardEngine  : Starting Servlet engine: [Apache Tomcat/9.0.75]
13:34:39:862  INFO 10164 --- [main] o.a.c.c.C.[Tomcat].[localhost].[/]       : Initializing Spring embedded WebApplicationContext
13:34:39:862  INFO 10164 --- [main] w.s.c.ServletWebServerApplicationContext : Root WebApplicationContext: initialization completed in 1268 ms
13:34:40:064  INFO 10164 --- [main] o.s.c.openfeign.FeignClientFactoryBean   : For 'user-service' URL not provided. Will try picking an instance via load-balancing.
13:34:40:111  INFO 10164 --- [main] o.s.c.openfeign.FeignClientFactoryBean   : For 'trade-service' URL not provided. Will try picking an instance via load-balancing.
13:34:40:763  INFO 10164 --- [main] pertySourcedRequestMappingHandlerMapping : Mapped URL path [/v2/api-docs] onto method [springfox.documentation.swagger2.web.Swagger2ControllerWebMvc#getDocumentation(String, HttpServletRequest)]
13:34:41:025  INFO 10164 --- [main] com.alibaba.nacos.common.remote.client   : [RpcClientFactory] create a new rpc client of 802ecb62-84c5-4659-9141-d09b42491e99
13:34:41:078  INFO 10164 --- [main] org.reflections.Reflections              : Reflections took 26 ms to scan 1 urls, producing 3 keys and 6 values 
13:34:41:096  INFO 10164 --- [main] org.reflections.Reflections              : Reflections took 8 ms to scan 1 urls, producing 4 keys and 9 values 
13:34:41:102  INFO 10164 --- [main] org.reflections.Reflections              : Reflections took 5 ms to scan 1 urls, producing 3 keys and 10 values 
13:34:41:103  WARN 10164 --- [main] org.reflections.Reflections              : given scan urls are empty. set urls in the configuration
13:34:41:108  INFO 10164 --- [main] org.reflections.Reflections              : Reflections took 4 ms to scan 1 urls, producing 1 keys and 5 values 
13:34:41:115  INFO 10164 --- [main] org.reflections.Reflections              : Reflections took 5 ms to scan 1 urls, producing 1 keys and 7 values 
13:34:41:123  INFO 10164 --- [main] org.reflections.Reflections              : Reflections took 5 ms to scan 1 urls, producing 2 keys and 8 values 
13:34:41:124  WARN 10164 --- [main] org.reflections.Reflections              : given scan urls are empty. set urls in the configuration
13:34:41:125  INFO 10164 --- [main] com.alibaba.nacos.common.remote.client   : [802ecb62-84c5-4659-9141-d09b42491e99] RpcClient init label, labels = {module=naming, source=sdk}
13:34:41:126  INFO 10164 --- [main] com.alibaba.nacos.common.remote.client   : [802ecb62-84c5-4659-9141-d09b42491e99] RpcClient init, ServerListFactory = com.alibaba.nacos.client.naming.core.ServerListManager
13:34:41:126  INFO 10164 --- [main] com.alibaba.nacos.common.remote.client   : [802ecb62-84c5-4659-9141-d09b42491e99] Registry connection listener to current client:com.alibaba.nacos.client.naming.remote.gprc.redo.NamingGrpcRedoService
13:34:41:127  INFO 10164 --- [main] com.alibaba.nacos.common.remote.client   : [802ecb62-84c5-4659-9141-d09b42491e99] Register server push request handler:com.alibaba.nacos.client.naming.remote.gprc.NamingPushRequestHandler
13:34:41:128  INFO 10164 --- [main] com.alibaba.nacos.common.remote.client   : [802ecb62-84c5-4659-9141-d09b42491e99] Try to connect to server on start up, server: {serverIp = '192.168.160.131', server main port = 8848}
13:34:41:790  INFO 10164 --- [main] com.alibaba.nacos.common.remote.client   : [802ecb62-84c5-4659-9141-d09b42491e99] Success to connect to server [192.168.160.131:8848] on start up, connectionId = 1741666988178_192.168.160.1_52835
13:34:41:791  INFO 10164 --- [com.alibaba.nacos.client.remote.worker] com.alibaba.nacos.common.remote.client   : [802ecb62-84c5-4659-9141-d09b42491e99] Notify connected event to listeners.
13:34:41:792  INFO 10164 --- [main] com.alibaba.nacos.common.remote.client   : [802ecb62-84c5-4659-9141-d09b42491e99] Register server push request handler:com.alibaba.nacos.common.remote.client.RpcClient$ConnectResetRequestHandler
13:34:41:793  INFO 10164 --- [main] com.alibaba.nacos.common.remote.client   : [802ecb62-84c5-4659-9141-d09b42491e99] Register server push request handler:com.alibaba.nacos.common.remote.client.RpcClient$$Lambda/0x000001bbdb7ec6b8
13:34:41:863  INFO 10164 --- [main] o.s.b.w.embedded.tomcat.TomcatWebServer  : Tomcat started on port(s): 8086 (http) with context path ''
13:34:41:874  INFO 10164 --- [main] c.a.c.n.registry.NacosServiceRegistry    : nacos registry, DEFAULT_GROUP pay-service 192.168.160.1:8086 register finished
13:34:41:878  INFO 10164 --- [main] d.s.w.p.DocumentationPluginsBootstrapper : Documentation plugins bootstrapped
13:34:41:879  INFO 10164 --- [main] d.s.w.p.DocumentationPluginsBootstrapper : Found 1 custom documentation plugin(s)
13:34:41:896  INFO 10164 --- [main] s.d.s.w.s.ApiListingReferenceScanner     : Scanning for api listing references
13:34:41:991  INFO 10164 --- [main] com.hmall.pay.PayApplication             : Started PayApplication in 3.806 seconds (JVM running for 4.364)
13:34:42:327  INFO 10164 --- [nacos-grpc-client-executor-8] com.alibaba.nacos.common.remote.client   : [802ecb62-84c5-4659-9141-d09b42491e99] Receive server push request, request = NotifySubscriberRequest, requestId = 20
13:34:42:330  INFO 10164 --- [nacos-grpc-client-executor-8] com.alibaba.nacos.common.remote.client   : [802ecb62-84c5-4659-9141-d09b42491e99] Ack server push request, request = NotifySubscriberRequest, requestId = 20
13:34:44:970  WARN 10164 --- [Thread-7] c.a.n.common.http.HttpClientBeanHolder   : [HttpClientBeanHolder] Start destroying common HttpClient
13:34:44:970  WARN 10164 --- [Thread-4] c.a.nacos.common.notify.NotifyCenter     : [NotifyCenter] Start destroying Publisher
13:34:44:971  WARN 10164 --- [Thread-4] c.a.nacos.common.notify.NotifyCenter     : [NotifyCenter] Destruction of the end
13:34:44:971  WARN 10164 --- [Thread-7] c.a.n.common.http.HttpClientBeanHolder   : [HttpClientBeanHolder] Destruction of the end
13:34:44:999  INFO 10164 --- [SpringApplicationShutdownHook] c.a.c.n.registry.NacosServiceRegistry    : De-registering from Nacos Server now...
13:34:45:005  INFO 10164 --- [SpringApplicationShutdownHook] c.a.c.n.registry.NacosServiceRegistry    : De-registration finished.
13:34:45:558  INFO 10164 --- [nacos-grpc-client-executor-12] com.alibaba.nacos.common.remote.client   : [802ecb62-84c5-4659-9141-d09b42491e99] Receive server push request, request = NotifySubscriberRequest, requestId = 21
13:34:45:560  INFO 10164 --- [nacos-grpc-client-executor-12] com.alibaba.nacos.common.remote.client   : [802ecb62-84c5-4659-9141-d09b42491e99] Ack server push request, request = NotifySubscriberRequest, requestId = 21
13:34:45:666  INFO 10164 --- [SpringApplicationShutdownHook] com.alibaba.nacos.common.remote.client   : Shutdown rpc client, set status to shutdown
13:34:45:667  INFO 10164 --- [SpringApplicationShutdownHook] com.alibaba.nacos.common.remote.client   : Shutdown client event executor java.util.concurrent.ScheduledThreadPoolExecutor@4247093b[Running, pool size = 2, active threads = 2, queued tasks = 0, completed tasks = 0]
13:34:45:667  INFO 10164 --- [SpringApplicationShutdownHook] com.alibaba.nacos.common.remote.client   : Close current connection 1741666988178_192.168.160.1_52835
13:34:45:669  INFO 10164 --- [nacos-grpc-client-executor-13] c.a.n.c.remote.client.grpc.GrpcClient    : [1741666988178_192.168.160.1_52835]Ignore complete event,isRunning:false,isAbandon=false
13:34:45:672  INFO 10164 --- [SpringApplicationShutdownHook] c.a.n.c.remote.client.grpc.GrpcClient    : Shutdown grpc executor java.util.concurrent.ThreadPoolExecutor@33e4068[Running, pool size = 14, active threads = 0, queued tasks = 0, completed tasks = 14]
13:35:49:983  INFO 31868 --- [main] com.hmall.pay.PayApplication             : Starting PayApplication using Java 22.0.1 on LAPTOP-2L2RPIOA with PID 31868 (E:\Microservices Mall\hmall\pay-service\target\classes started by keyist in E:\Microservices Mall\hmall)
13:35:49:984 DEBUG 31868 --- [main] com.hmall.pay.PayApplication             : Running with Spring Boot v2.7.12, Spring v5.3.27
13:35:49:984  INFO 31868 --- [main] com.hmall.pay.PayApplication             : The following 1 profile is active: "local"
13:35:50:841  INFO 31868 --- [main] o.s.cloud.context.scope.GenericScope     : BeanFactory id=8eb72cec-0928-3cc9-bae0-bab6eb26ee0a
13:35:51:254  INFO 31868 --- [main] o.s.b.w.embedded.tomcat.TomcatWebServer  : Tomcat initialized with port(s): 8086 (http)
13:35:51:262  INFO 31868 --- [main] o.apache.catalina.core.StandardService   : Starting service [Tomcat]
13:35:51:262  INFO 31868 --- [main] org.apache.catalina.core.StandardEngine  : Starting Servlet engine: [Apache Tomcat/9.0.75]
13:35:51:386  INFO 31868 --- [main] o.a.c.c.C.[Tomcat].[localhost].[/]       : Initializing Spring embedded WebApplicationContext
13:35:51:386  INFO 31868 --- [main] w.s.c.ServletWebServerApplicationContext : Root WebApplicationContext: initialization completed in 1364 ms
13:35:51:587  INFO 31868 --- [main] o.s.c.openfeign.FeignClientFactoryBean   : For 'user-service' URL not provided. Will try picking an instance via load-balancing.
13:35:51:642  INFO 31868 --- [main] o.s.c.openfeign.FeignClientFactoryBean   : For 'trade-service' URL not provided. Will try picking an instance via load-balancing.
13:35:52:383  INFO 31868 --- [main] pertySourcedRequestMappingHandlerMapping : Mapped URL path [/v2/api-docs] onto method [springfox.documentation.swagger2.web.Swagger2ControllerWebMvc#getDocumentation(String, HttpServletRequest)]
13:35:52:620  INFO 31868 --- [main] com.alibaba.nacos.common.remote.client   : [RpcClientFactory] create a new rpc client of 6b62174e-c966-45f1-ac8a-09a53286cbdc
13:35:52:668  INFO 31868 --- [main] org.reflections.Reflections              : Reflections took 25 ms to scan 1 urls, producing 3 keys and 6 values 
13:35:52:686  INFO 31868 --- [main] org.reflections.Reflections              : Reflections took 8 ms to scan 1 urls, producing 4 keys and 9 values 
13:35:52:693  INFO 31868 --- [main] org.reflections.Reflections              : Reflections took 5 ms to scan 1 urls, producing 3 keys and 10 values 
13:35:52:696  WARN 31868 --- [main] org.reflections.Reflections              : given scan urls are empty. set urls in the configuration
13:35:52:702  INFO 31868 --- [main] org.reflections.Reflections              : Reflections took 6 ms to scan 1 urls, producing 1 keys and 5 values 
13:35:52:711  INFO 31868 --- [main] org.reflections.Reflections              : Reflections took 8 ms to scan 1 urls, producing 1 keys and 7 values 
13:35:52:721  INFO 31868 --- [main] org.reflections.Reflections              : Reflections took 8 ms to scan 1 urls, producing 2 keys and 8 values 
13:35:52:722  WARN 31868 --- [main] org.reflections.Reflections              : given scan urls are empty. set urls in the configuration
13:35:52:724  INFO 31868 --- [main] com.alibaba.nacos.common.remote.client   : [6b62174e-c966-45f1-ac8a-09a53286cbdc] RpcClient init label, labels = {module=naming, source=sdk}
13:35:52:725  INFO 31868 --- [main] com.alibaba.nacos.common.remote.client   : [6b62174e-c966-45f1-ac8a-09a53286cbdc] RpcClient init, ServerListFactory = com.alibaba.nacos.client.naming.core.ServerListManager
13:35:52:726  INFO 31868 --- [main] com.alibaba.nacos.common.remote.client   : [6b62174e-c966-45f1-ac8a-09a53286cbdc] Registry connection listener to current client:com.alibaba.nacos.client.naming.remote.gprc.redo.NamingGrpcRedoService
13:35:52:726  INFO 31868 --- [main] com.alibaba.nacos.common.remote.client   : [6b62174e-c966-45f1-ac8a-09a53286cbdc] Register server push request handler:com.alibaba.nacos.client.naming.remote.gprc.NamingPushRequestHandler
13:35:52:727  INFO 31868 --- [main] com.alibaba.nacos.common.remote.client   : [6b62174e-c966-45f1-ac8a-09a53286cbdc] Try to connect to server on start up, server: {serverIp = '192.168.160.131', server main port = 8848}
13:35:53:386  INFO 31868 --- [main] com.alibaba.nacos.common.remote.client   : [6b62174e-c966-45f1-ac8a-09a53286cbdc] Success to connect to server [192.168.160.131:8848] on start up, connectionId = 1741667065764_192.168.160.1_52890
13:35:53:387  INFO 31868 --- [com.alibaba.nacos.client.remote.worker] com.alibaba.nacos.common.remote.client   : [6b62174e-c966-45f1-ac8a-09a53286cbdc] Notify connected event to listeners.
13:35:53:387  INFO 31868 --- [main] com.alibaba.nacos.common.remote.client   : [6b62174e-c966-45f1-ac8a-09a53286cbdc] Register server push request handler:com.alibaba.nacos.common.remote.client.RpcClient$ConnectResetRequestHandler
13:35:53:388  INFO 31868 --- [main] com.alibaba.nacos.common.remote.client   : [6b62174e-c966-45f1-ac8a-09a53286cbdc] Register server push request handler:com.alibaba.nacos.common.remote.client.RpcClient$$Lambda/0x000001d70c7dcfc8
13:35:53:446  INFO 31868 --- [main] o.s.b.w.embedded.tomcat.TomcatWebServer  : Tomcat started on port(s): 8086 (http) with context path ''
13:35:53:457  INFO 31868 --- [main] c.a.c.n.registry.NacosServiceRegistry    : nacos registry, DEFAULT_GROUP pay-service 192.168.160.1:8086 register finished
13:35:53:460  INFO 31868 --- [main] d.s.w.p.DocumentationPluginsBootstrapper : Documentation plugins bootstrapped
13:35:53:462  INFO 31868 --- [main] d.s.w.p.DocumentationPluginsBootstrapper : Found 1 custom documentation plugin(s)
13:35:53:484  INFO 31868 --- [main] s.d.s.w.s.ApiListingReferenceScanner     : Scanning for api listing references
13:35:53:577  INFO 31868 --- [main] com.hmall.pay.PayApplication             : Started PayApplication in 3.959 seconds (JVM running for 4.528)
13:35:53:916  INFO 31868 --- [nacos-grpc-client-executor-9] com.alibaba.nacos.common.remote.client   : [6b62174e-c966-45f1-ac8a-09a53286cbdc] Receive server push request, request = NotifySubscriberRequest, requestId = 22
13:35:53:921  INFO 31868 --- [nacos-grpc-client-executor-9] com.alibaba.nacos.common.remote.client   : [6b62174e-c966-45f1-ac8a-09a53286cbdc] Ack server push request, request = NotifySubscriberRequest, requestId = 22
13:36:02:651  INFO 31868 --- [http-nio-8086-exec-1] o.a.c.c.C.[Tomcat].[localhost].[/]       : Initializing Spring DispatcherServlet 'dispatcherServlet'
13:36:02:653  INFO 31868 --- [http-nio-8086-exec-1] o.s.web.servlet.DispatcherServlet        : Initializing Servlet 'dispatcherServlet'
13:36:02:655  INFO 31868 --- [http-nio-8086-exec-1] o.s.web.servlet.DispatcherServlet        : Completed initialization in 2 ms
13:36:11:752  INFO 31868 --- [http-nio-8086-exec-9] com.zaxxer.hikari.HikariDataSource       : HikariPool-1 - Starting...
13:36:12:378  INFO 31868 --- [http-nio-8086-exec-9] com.zaxxer.hikari.HikariDataSource       : HikariPool-1 - Start completed.
13:36:12:392 DEBUG 31868 --- [http-nio-8086-exec-9] c.h.p.mapper.PayOrderMapper.selectList   : ==>  Preparing: SELECT id,biz_order_no,pay_order_no,biz_user_id,pay_channel_code,amount,pay_type,status,expand_json,result_code,result_msg,pay_success_time,pay_over_time,qr_code_url,create_time,update_time,creater,updater,is_delete FROM pay_order
13:36:12:445 DEBUG 31868 --- [http-nio-8086-exec-9] c.h.p.mapper.PayOrderMapper.selectList   : ==> Parameters: 
13:36:12:492 DEBUG 31868 --- [http-nio-8086-exec-9] c.h.p.mapper.PayOrderMapper.selectList   : <==      Total: 2
13:36:28:456  WARN 31868 --- [Thread-4] c.a.nacos.common.notify.NotifyCenter     : [NotifyCenter] Start destroying Publisher
13:36:28:456  WARN 31868 --- [Thread-7] c.a.n.common.http.HttpClientBeanHolder   : [HttpClientBeanHolder] Start destroying common HttpClient
13:36:28:456  WARN 31868 --- [Thread-4] c.a.nacos.common.notify.NotifyCenter     : [NotifyCenter] Destruction of the end
13:36:28:457  WARN 31868 --- [Thread-7] c.a.n.common.http.HttpClientBeanHolder   : [HttpClientBeanHolder] Destruction of the end
13:36:28:486  INFO 31868 --- [SpringApplicationShutdownHook] c.a.c.n.registry.NacosServiceRegistry    : De-registering from Nacos Server now...
13:36:28:494  INFO 31868 --- [SpringApplicationShutdownHook] c.a.c.n.registry.NacosServiceRegistry    : De-registration finished.
13:36:28:806  INFO 31868 --- [SpringApplicationShutdownHook] com.alibaba.nacos.common.remote.client   : Shutdown rpc client, set status to shutdown
13:36:28:806  INFO 31868 --- [SpringApplicationShutdownHook] com.alibaba.nacos.common.remote.client   : Shutdown client event executor java.util.concurrent.ScheduledThreadPoolExecutor@3c116f26[Running, pool size = 2, active threads = 2, queued tasks = 0, completed tasks = 0]
13:36:28:809  INFO 31868 --- [SpringApplicationShutdownHook] com.alibaba.nacos.common.remote.client   : Close current connection 1741667065764_192.168.160.1_52890
13:36:28:818  INFO 31868 --- [nacos-grpc-client-executor-19] c.a.n.c.remote.client.grpc.GrpcClient    : [1741667065764_192.168.160.1_52890]Ignore complete event,isRunning:false,isAbandon=false
13:36:28:822  INFO 31868 --- [SpringApplicationShutdownHook] c.a.n.c.remote.client.grpc.GrpcClient    : Shutdown grpc executor java.util.concurrent.ThreadPoolExecutor@5807ea46[Running, pool size = 5, active threads = 0, queued tasks = 0, completed tasks = 20]
13:36:28:830  INFO 31868 --- [SpringApplicationShutdownHook] com.zaxxer.hikari.HikariDataSource       : HikariPool-1 - Shutdown initiated...
13:36:28:846  INFO 31868 --- [SpringApplicationShutdownHook] com.zaxxer.hikari.HikariDataSource       : HikariPool-1 - Shutdown completed.
