12:55:46:748  INFO 30256 --- [main] com.hmall.trade.TradeApplication         : Starting TradeApplication using Java 22.0.1 on LAPTOP-2L2RPIOA with PID 30256 (E:\Microservices Mall\hmall\trade-service\target\classes started by keyist in E:\Microservices Mall\hmall)
12:55:46:750 DEBUG 30256 --- [main] com.hmall.trade.TradeApplication         : Running with Spring Boot v2.7.12, Spring v5.3.27
12:55:46:750  INFO 30256 --- [main] com.hmall.trade.TradeApplication         : The following 1 profile is active: "local"
12:55:47:477  INFO 30256 --- [main] o.s.cloud.context.scope.GenericScope     : BeanFactory id=0e881c5b-3dae-336a-99bf-c90bb8192758
12:55:47:788  INFO 30256 --- [main] o.s.b.w.embedded.tomcat.TomcatWebServer  : Tomcat initialized with port(s): 8085 (http)
12:55:47:795  INFO 30256 --- [main] o.apache.catalina.core.StandardService   : Starting service [Tomcat]
12:55:47:795  INFO 30256 --- [main] org.apache.catalina.core.StandardEngine  : Starting Servlet engine: [Apache Tomcat/9.0.75]
12:55:47:912  INFO 30256 --- [main] o.a.c.c.C.[Tomcat].[localhost].[/]       : Initializing Spring embedded WebApplicationContext
12:55:47:912  INFO 30256 --- [main] w.s.c.ServletWebServerApplicationContext : Root WebApplicationContext: initialization completed in 1117 ms
12:55:48:057  INFO 30256 --- [main] o.s.c.openfeign.FeignClientFactoryBean   : For 'item-service' URL not provided. Will try picking an instance via load-balancing.
12:55:48:315  INFO 30256 --- [main] o.s.c.openfeign.FeignClientFactoryBean   : For 'cart-service' URL not provided. Will try picking an instance via load-balancing.
12:55:48:645  INFO 30256 --- [main] pertySourcedRequestMappingHandlerMapping : Mapped URL path [/v2/api-docs] onto method [springfox.documentation.swagger2.web.Swagger2ControllerWebMvc#getDocumentation(String, HttpServletRequest)]
12:55:48:849  INFO 30256 --- [main] com.alibaba.nacos.common.remote.client   : [RpcClientFactory] create a new rpc client of 219a6f4b-6a56-456f-86fc-c2a2897cef81
12:55:48:896  INFO 30256 --- [main] org.reflections.Reflections              : Reflections took 23 ms to scan 1 urls, producing 3 keys and 6 values 
12:55:48:914  INFO 30256 --- [main] org.reflections.Reflections              : Reflections took 8 ms to scan 1 urls, producing 4 keys and 9 values 
12:55:48:920  INFO 30256 --- [main] org.reflections.Reflections              : Reflections took 4 ms to scan 1 urls, producing 3 keys and 10 values 
12:55:48:921  WARN 30256 --- [main] org.reflections.Reflections              : given scan urls are empty. set urls in the configuration
12:55:48:925  INFO 30256 --- [main] org.reflections.Reflections              : Reflections took 4 ms to scan 1 urls, producing 1 keys and 5 values 
12:55:48:929  INFO 30256 --- [main] org.reflections.Reflections              : Reflections took 3 ms to scan 1 urls, producing 1 keys and 7 values 
12:55:48:936  INFO 30256 --- [main] org.reflections.Reflections              : Reflections took 4 ms to scan 1 urls, producing 2 keys and 8 values 
12:55:48:937  WARN 30256 --- [main] org.reflections.Reflections              : given scan urls are empty. set urls in the configuration
12:55:48:938  INFO 30256 --- [main] com.alibaba.nacos.common.remote.client   : [219a6f4b-6a56-456f-86fc-c2a2897cef81] RpcClient init label, labels = {module=naming, source=sdk}
12:55:48:938  INFO 30256 --- [main] com.alibaba.nacos.common.remote.client   : [219a6f4b-6a56-456f-86fc-c2a2897cef81] RpcClient init, ServerListFactory = com.alibaba.nacos.client.naming.core.ServerListManager
12:55:48:938  INFO 30256 --- [main] com.alibaba.nacos.common.remote.client   : [219a6f4b-6a56-456f-86fc-c2a2897cef81] Registry connection listener to current client:com.alibaba.nacos.client.naming.remote.gprc.redo.NamingGrpcRedoService
12:55:48:940  INFO 30256 --- [main] com.alibaba.nacos.common.remote.client   : [219a6f4b-6a56-456f-86fc-c2a2897cef81] Register server push request handler:com.alibaba.nacos.client.naming.remote.gprc.NamingPushRequestHandler
12:55:48:940  INFO 30256 --- [main] com.alibaba.nacos.common.remote.client   : [219a6f4b-6a56-456f-86fc-c2a2897cef81] Try to connect to server on start up, server: {serverIp = '192.168.160.131', server main port = 8848}
12:55:49:517  INFO 30256 --- [main] com.alibaba.nacos.common.remote.client   : [219a6f4b-6a56-456f-86fc-c2a2897cef81] Success to connect to server [192.168.160.131:8848] on start up, connectionId = 1741664527646_192.168.160.1_49902
12:55:49:519  INFO 30256 --- [com.alibaba.nacos.client.remote.worker] com.alibaba.nacos.common.remote.client   : [219a6f4b-6a56-456f-86fc-c2a2897cef81] Notify connected event to listeners.
12:55:49:520  INFO 30256 --- [main] com.alibaba.nacos.common.remote.client   : [219a6f4b-6a56-456f-86fc-c2a2897cef81] Register server push request handler:com.alibaba.nacos.common.remote.client.RpcClient$ConnectResetRequestHandler
12:55:49:520  INFO 30256 --- [main] com.alibaba.nacos.common.remote.client   : [219a6f4b-6a56-456f-86fc-c2a2897cef81] Register server push request handler:com.alibaba.nacos.common.remote.client.RpcClient$$Lambda/0x000001e9817edb00
12:55:49:566  INFO 30256 --- [main] o.s.b.w.embedded.tomcat.TomcatWebServer  : Tomcat started on port(s): 8085 (http) with context path ''
12:55:49:576  INFO 30256 --- [main] c.a.c.n.registry.NacosServiceRegistry    : nacos registry, DEFAULT_GROUP trade-service 192.168.160.1:8085 register finished
12:55:49:579  INFO 30256 --- [main] d.s.w.p.DocumentationPluginsBootstrapper : Documentation plugins bootstrapped
12:55:49:581  INFO 30256 --- [main] d.s.w.p.DocumentationPluginsBootstrapper : Found 1 custom documentation plugin(s)
12:55:49:594  INFO 30256 --- [main] s.d.s.w.s.ApiListingReferenceScanner     : Scanning for api listing references
12:55:49:654  INFO 30256 --- [main] com.hmall.trade.TradeApplication         : Started TradeApplication in 3.296 seconds (JVM running for 3.927)
12:55:50:127  INFO 30256 --- [nacos-grpc-client-executor-7] com.alibaba.nacos.common.remote.client   : [219a6f4b-6a56-456f-86fc-c2a2897cef81] Receive server push request, request = NotifySubscriberRequest, requestId = 19
12:55:50:129  INFO 30256 --- [nacos-grpc-client-executor-7] com.alibaba.nacos.common.remote.client   : [219a6f4b-6a56-456f-86fc-c2a2897cef81] Ack server push request, request = NotifySubscriberRequest, requestId = 19
12:55:59:465  INFO 30256 --- [http-nio-8085-exec-1] o.a.c.c.C.[Tomcat].[localhost].[/]       : Initializing Spring DispatcherServlet 'dispatcherServlet'
12:55:59:465  INFO 30256 --- [http-nio-8085-exec-1] o.s.web.servlet.DispatcherServlet        : Initializing Servlet 'dispatcherServlet'
12:55:59:465  INFO 30256 --- [http-nio-8085-exec-1] o.s.web.servlet.DispatcherServlet        : Completed initialization in 0 ms
12:56:18:433  INFO 30256 --- [http-nio-8085-exec-8] com.zaxxer.hikari.HikariDataSource       : HikariPool-1 - Starting...
12:56:19:250  INFO 30256 --- [http-nio-8085-exec-8] com.zaxxer.hikari.HikariDataSource       : HikariPool-1 - Start completed.
12:56:19:265 DEBUG 30256 --- [http-nio-8085-exec-8] c.h.trade.mapper.OrderMapper.selectById  : ==>  Preparing: SELECT id,total_fee,payment_type,user_id,status,create_time,pay_time,consign_time,end_time,close_time,comment_time,update_time FROM `order` WHERE id=?
12:56:19:309 DEBUG 30256 --- [http-nio-8085-exec-8] c.h.trade.mapper.OrderMapper.selectById  : ==> Parameters: 1654779387523936258(Long)
12:56:19:349 DEBUG 30256 --- [http-nio-8085-exec-8] c.h.trade.mapper.OrderMapper.selectById  : <==      Total: 1
12:56:31:170  WARN 30256 --- [Thread-4] c.a.nacos.common.notify.NotifyCenter     : [NotifyCenter] Start destroying Publisher
12:56:31:171  WARN 30256 --- [Thread-7] c.a.n.common.http.HttpClientBeanHolder   : [HttpClientBeanHolder] Start destroying common HttpClient
12:56:31:171  WARN 30256 --- [Thread-4] c.a.nacos.common.notify.NotifyCenter     : [NotifyCenter] Destruction of the end
12:56:31:172  WARN 30256 --- [Thread-7] c.a.n.common.http.HttpClientBeanHolder   : [HttpClientBeanHolder] Destruction of the end
12:56:31:209  INFO 30256 --- [SpringApplicationShutdownHook] c.a.c.n.registry.NacosServiceRegistry    : De-registering from Nacos Server now...
12:56:31:215  INFO 30256 --- [SpringApplicationShutdownHook] c.a.c.n.registry.NacosServiceRegistry    : De-registration finished.
12:56:31:529  INFO 30256 --- [SpringApplicationShutdownHook] com.alibaba.nacos.common.remote.client   : Shutdown rpc client, set status to shutdown
12:56:31:529  INFO 30256 --- [SpringApplicationShutdownHook] com.alibaba.nacos.common.remote.client   : Shutdown client event executor java.util.concurrent.ScheduledThreadPoolExecutor@55b45ea1[Running, pool size = 2, active threads = 2, queued tasks = 0, completed tasks = 0]
12:56:31:529  INFO 30256 --- [SpringApplicationShutdownHook] com.alibaba.nacos.common.remote.client   : Close current connection 1741664527646_192.168.160.1_49902
12:56:31:529  INFO 30256 --- [nacos-grpc-client-executor-19] c.a.n.c.remote.client.grpc.GrpcClient    : [1741664527646_192.168.160.1_49902]Ignore complete event,isRunning:false,isAbandon=false
12:56:31:538  INFO 30256 --- [SpringApplicationShutdownHook] c.a.n.c.remote.client.grpc.GrpcClient    : Shutdown grpc executor java.util.concurrent.ThreadPoolExecutor@349aeec4[Running, pool size = 6, active threads = 0, queued tasks = 0, completed tasks = 20]
12:56:31:547  INFO 30256 --- [SpringApplicationShutdownHook] com.zaxxer.hikari.HikariDataSource       : HikariPool-1 - Shutdown initiated...
12:56:31:565  INFO 30256 --- [SpringApplicationShutdownHook] com.zaxxer.hikari.HikariDataSource       : HikariPool-1 - Shutdown completed.
