08:30:13:594  INFO 4380 --- [main] com.hmall.item.ItemApplication           : Starting ItemApplication using Java 22.0.1 on LAPTOP-2L2RPIOA with PID 4380 (E:\Microservices Mall\hmall\item-service\target\classes started by keyist in E:\Microservices Mall\hmall)
08:30:13:598 DEBUG 4380 --- [main] com.hmall.item.ItemApplication           : Running with Spring Boot v2.7.12, Spring v5.3.27
08:30:13:598  INFO 4380 --- [main] com.hmall.item.ItemApplication           : The following 1 profile is active: "local"
08:30:14:696  INFO 4380 --- [main] o.s.cloud.context.scope.GenericScope     : BeanFactory id=27b5db73-bd4c-396c-a5d5-6435867d3e11
08:30:15:127  INFO 4380 --- [main] o.s.b.w.embedded.tomcat.TomcatWebServer  : Tomcat initialized with port(s): 8081 (http)
08:30:15:138  INFO 4380 --- [main] o.apache.catalina.core.StandardService   : Starting service [Tomcat]
08:30:15:138  INFO 4380 --- [main] org.apache.catalina.core.StandardEngine  : Starting Servlet engine: [Apache Tomcat/9.0.75]
08:30:15:287  INFO 4380 --- [main] o.a.c.c.C.[Tomcat].[localhost].[/]       : Initializing Spring embedded WebApplicationContext
08:30:15:287  INFO 4380 --- [main] w.s.c.ServletWebServerApplicationContext : Root WebApplicationContext: initialization completed in 1622 ms
08:30:16:314  INFO 4380 --- [main] pertySourcedRequestMappingHandlerMapping : Mapped URL path [/v2/api-docs] onto method [springfox.documentation.swagger2.web.Swagger2ControllerWebMvc#getDocumentation(String, HttpServletRequest)]
08:30:16:539  INFO 4380 --- [main] com.alibaba.nacos.common.remote.client   : [RpcClientFactory] create a new rpc client of cd258b9d-aac4-4897-adbf-bc5c0563d3c6
08:30:16:605  INFO 4380 --- [main] org.reflections.Reflections              : Reflections took 39 ms to scan 1 urls, producing 3 keys and 6 values 
08:30:16:628  INFO 4380 --- [main] org.reflections.Reflections              : Reflections took 10 ms to scan 1 urls, producing 4 keys and 9 values 
08:30:16:637  INFO 4380 --- [main] org.reflections.Reflections              : Reflections took 7 ms to scan 1 urls, producing 3 keys and 10 values 
08:30:16:640  WARN 4380 --- [main] org.reflections.Reflections              : given scan urls are empty. set urls in the configuration
08:30:16:647  INFO 4380 --- [main] org.reflections.Reflections              : Reflections took 6 ms to scan 1 urls, producing 1 keys and 5 values 
08:30:16:657  INFO 4380 --- [main] org.reflections.Reflections              : Reflections took 8 ms to scan 1 urls, producing 1 keys and 7 values 
08:30:16:669  INFO 4380 --- [main] org.reflections.Reflections              : Reflections took 9 ms to scan 1 urls, producing 2 keys and 8 values 
08:30:16:671  WARN 4380 --- [main] org.reflections.Reflections              : given scan urls are empty. set urls in the configuration
08:30:16:673  INFO 4380 --- [main] com.alibaba.nacos.common.remote.client   : [cd258b9d-aac4-4897-adbf-bc5c0563d3c6] RpcClient init label, labels = {module=naming, source=sdk}
08:30:16:675  INFO 4380 --- [main] com.alibaba.nacos.common.remote.client   : [cd258b9d-aac4-4897-adbf-bc5c0563d3c6] RpcClient init, ServerListFactory = com.alibaba.nacos.client.naming.core.ServerListManager
08:30:16:676  INFO 4380 --- [main] com.alibaba.nacos.common.remote.client   : [cd258b9d-aac4-4897-adbf-bc5c0563d3c6] Registry connection listener to current client:com.alibaba.nacos.client.naming.remote.gprc.redo.NamingGrpcRedoService
08:30:16:676  INFO 4380 --- [main] com.alibaba.nacos.common.remote.client   : [cd258b9d-aac4-4897-adbf-bc5c0563d3c6] Register server push request handler:com.alibaba.nacos.client.naming.remote.gprc.NamingPushRequestHandler
08:30:16:678  INFO 4380 --- [main] com.alibaba.nacos.common.remote.client   : [cd258b9d-aac4-4897-adbf-bc5c0563d3c6] Try to connect to server on start up, server: {serverIp = '192.168.160.131', server main port = 8848}
08:30:17:905  INFO 4380 --- [main] com.alibaba.nacos.common.remote.client   : [cd258b9d-aac4-4897-adbf-bc5c0563d3c6] Success to connect to server [192.168.160.131:8848] on start up, connectionId = 1741652972804_192.168.160.1_58804
08:30:17:906  INFO 4380 --- [com.alibaba.nacos.client.remote.worker] com.alibaba.nacos.common.remote.client   : [cd258b9d-aac4-4897-adbf-bc5c0563d3c6] Notify connected event to listeners.
08:30:17:906  INFO 4380 --- [main] com.alibaba.nacos.common.remote.client   : [cd258b9d-aac4-4897-adbf-bc5c0563d3c6] Register server push request handler:com.alibaba.nacos.common.remote.client.RpcClient$ConnectResetRequestHandler
08:30:17:907  INFO 4380 --- [main] com.alibaba.nacos.common.remote.client   : [cd258b9d-aac4-4897-adbf-bc5c0563d3c6] Register server push request handler:com.alibaba.nacos.common.remote.client.RpcClient$$Lambda/0x000001d501756150
08:30:18:055  INFO 4380 --- [main] o.s.b.w.embedded.tomcat.TomcatWebServer  : Tomcat started on port(s): 8081 (http) with context path ''
08:30:18:099  INFO 4380 --- [main] c.a.c.n.registry.NacosServiceRegistry    : nacos registry, DEFAULT_GROUP item-service 192.168.160.1:8081 register finished
08:30:18:116  INFO 4380 --- [main] d.s.w.p.DocumentationPluginsBootstrapper : Documentation plugins bootstrapped
08:30:18:120  INFO 4380 --- [main] d.s.w.p.DocumentationPluginsBootstrapper : Found 1 custom documentation plugin(s)
08:30:18:165  INFO 4380 --- [main] s.d.s.w.s.ApiListingReferenceScanner     : Scanning for api listing references
08:30:18:356  INFO 4380 --- [main] com.hmall.item.ItemApplication           : Started ItemApplication in 5.416 seconds (JVM running for 6.176)
08:30:18:541  INFO 4380 --- [nacos-grpc-client-executor-8] com.alibaba.nacos.common.remote.client   : [cd258b9d-aac4-4897-adbf-bc5c0563d3c6] Receive server push request, request = NotifySubscriberRequest, requestId = 1
08:30:18:546  INFO 4380 --- [nacos-grpc-client-executor-8] com.alibaba.nacos.common.remote.client   : [cd258b9d-aac4-4897-adbf-bc5c0563d3c6] Ack server push request, request = NotifySubscriberRequest, requestId = 1
08:30:21:296  INFO 34476 --- [main] com.hmall.item.ItemApplication           : Starting ItemApplication using Java 22.0.1 on LAPTOP-2L2RPIOA with PID 34476 (E:\Microservices Mall\hmall\item-service\target\classes started by keyist in E:\Microservices Mall\hmall)
08:30:21:298 DEBUG 34476 --- [main] com.hmall.item.ItemApplication           : Running with Spring Boot v2.7.12, Spring v5.3.27
08:30:21:299  INFO 34476 --- [main] com.hmall.item.ItemApplication           : The following 1 profile is active: "local"
08:30:22:432  INFO 34476 --- [main] o.s.cloud.context.scope.GenericScope     : BeanFactory id=27b5db73-bd4c-396c-a5d5-6435867d3e11
08:30:22:865  INFO 34476 --- [main] o.s.b.w.embedded.tomcat.TomcatWebServer  : Tomcat initialized with port(s): 8083 (http)
08:30:22:873  INFO 34476 --- [main] o.apache.catalina.core.StandardService   : Starting service [Tomcat]
08:30:22:874  INFO 34476 --- [main] org.apache.catalina.core.StandardEngine  : Starting Servlet engine: [Apache Tomcat/9.0.75]
08:30:23:076  INFO 34476 --- [main] o.a.c.c.C.[Tomcat].[localhost].[/]       : Initializing Spring embedded WebApplicationContext
08:30:23:079  INFO 34476 --- [main] w.s.c.ServletWebServerApplicationContext : Root WebApplicationContext: initialization completed in 1735 ms
08:30:24:076  INFO 34476 --- [main] pertySourcedRequestMappingHandlerMapping : Mapped URL path [/v2/api-docs] onto method [springfox.documentation.swagger2.web.Swagger2ControllerWebMvc#getDocumentation(String, HttpServletRequest)]
08:30:24:310  INFO 34476 --- [main] com.alibaba.nacos.common.remote.client   : [RpcClientFactory] create a new rpc client of 902c25dc-5b29-43b7-982d-eeec87bda714
08:30:24:376  INFO 34476 --- [main] org.reflections.Reflections              : Reflections took 34 ms to scan 1 urls, producing 3 keys and 6 values 
08:30:24:412  INFO 34476 --- [main] org.reflections.Reflections              : Reflections took 19 ms to scan 1 urls, producing 4 keys and 9 values 
08:30:24:428  INFO 34476 --- [main] org.reflections.Reflections              : Reflections took 12 ms to scan 1 urls, producing 3 keys and 10 values 
08:30:24:431  WARN 34476 --- [main] org.reflections.Reflections              : given scan urls are empty. set urls in the configuration
08:30:24:444  INFO 34476 --- [main] org.reflections.Reflections              : Reflections took 11 ms to scan 1 urls, producing 1 keys and 5 values 
08:30:24:458  INFO 34476 --- [main] org.reflections.Reflections              : Reflections took 11 ms to scan 1 urls, producing 1 keys and 7 values 
08:30:24:472  INFO 34476 --- [main] org.reflections.Reflections              : Reflections took 11 ms to scan 1 urls, producing 2 keys and 8 values 
08:30:24:474  WARN 34476 --- [main] org.reflections.Reflections              : given scan urls are empty. set urls in the configuration
08:30:24:475  INFO 34476 --- [main] com.alibaba.nacos.common.remote.client   : [902c25dc-5b29-43b7-982d-eeec87bda714] RpcClient init label, labels = {module=naming, source=sdk}
08:30:24:478  INFO 34476 --- [main] com.alibaba.nacos.common.remote.client   : [902c25dc-5b29-43b7-982d-eeec87bda714] RpcClient init, ServerListFactory = com.alibaba.nacos.client.naming.core.ServerListManager
08:30:24:479  INFO 34476 --- [main] com.alibaba.nacos.common.remote.client   : [902c25dc-5b29-43b7-982d-eeec87bda714] Registry connection listener to current client:com.alibaba.nacos.client.naming.remote.gprc.redo.NamingGrpcRedoService
08:30:24:479  INFO 34476 --- [main] com.alibaba.nacos.common.remote.client   : [902c25dc-5b29-43b7-982d-eeec87bda714] Register server push request handler:com.alibaba.nacos.client.naming.remote.gprc.NamingPushRequestHandler
08:30:24:483  INFO 34476 --- [main] com.alibaba.nacos.common.remote.client   : [902c25dc-5b29-43b7-982d-eeec87bda714] Try to connect to server on start up, server: {serverIp = '192.168.160.131', server main port = 8848}
08:30:25:373  INFO 34476 --- [main] com.alibaba.nacos.common.remote.client   : [902c25dc-5b29-43b7-982d-eeec87bda714] Success to connect to server [192.168.160.131:8848] on start up, connectionId = 1741652981314_192.168.160.1_58816
08:30:25:375  INFO 34476 --- [com.alibaba.nacos.client.remote.worker] com.alibaba.nacos.common.remote.client   : [902c25dc-5b29-43b7-982d-eeec87bda714] Notify connected event to listeners.
08:30:25:375  INFO 34476 --- [main] com.alibaba.nacos.common.remote.client   : [902c25dc-5b29-43b7-982d-eeec87bda714] Register server push request handler:com.alibaba.nacos.common.remote.client.RpcClient$ConnectResetRequestHandler
08:30:25:375  INFO 34476 --- [main] com.alibaba.nacos.common.remote.client   : [902c25dc-5b29-43b7-982d-eeec87bda714] Register server push request handler:com.alibaba.nacos.common.remote.client.RpcClient$$Lambda/0x00000252c9756788
08:30:25:467  INFO 34476 --- [main] o.s.b.w.embedded.tomcat.TomcatWebServer  : Tomcat started on port(s): 8083 (http) with context path ''
08:30:25:481  INFO 34476 --- [main] c.a.c.n.registry.NacosServiceRegistry    : nacos registry, DEFAULT_GROUP item-service 192.168.160.1:8083 register finished
08:30:25:486  INFO 34476 --- [main] d.s.w.p.DocumentationPluginsBootstrapper : Documentation plugins bootstrapped
08:30:25:489  INFO 34476 --- [main] d.s.w.p.DocumentationPluginsBootstrapper : Found 1 custom documentation plugin(s)
08:30:25:516  INFO 34476 --- [main] s.d.s.w.s.ApiListingReferenceScanner     : Scanning for api listing references
08:30:25:670  INFO 34476 --- [main] com.hmall.item.ItemApplication           : Started ItemApplication in 4.883 seconds (JVM running for 5.619)
08:30:25:983  INFO 4380 --- [nacos-grpc-client-executor-11] com.alibaba.nacos.common.remote.client   : [cd258b9d-aac4-4897-adbf-bc5c0563d3c6] Receive server push request, request = NotifySubscriberRequest, requestId = 3
08:30:26:004  INFO 34476 --- [nacos-grpc-client-executor-8] com.alibaba.nacos.common.remote.client   : [902c25dc-5b29-43b7-982d-eeec87bda714] Receive server push request, request = NotifySubscriberRequest, requestId = 2
08:30:26:010  INFO 4380 --- [nacos-grpc-client-executor-11] com.alibaba.nacos.common.remote.client   : [cd258b9d-aac4-4897-adbf-bc5c0563d3c6] Ack server push request, request = NotifySubscriberRequest, requestId = 3
08:30:26:013  INFO 34476 --- [nacos-grpc-client-executor-8] com.alibaba.nacos.common.remote.client   : [902c25dc-5b29-43b7-982d-eeec87bda714] Ack server push request, request = NotifySubscriberRequest, requestId = 2
08:34:04:236  WARN 4380 --- [Thread-4] c.a.nacos.common.notify.NotifyCenter     : [NotifyCenter] Start destroying Publisher
08:34:04:236  WARN 4380 --- [Thread-4] c.a.nacos.common.notify.NotifyCenter     : [NotifyCenter] Destruction of the end
08:34:04:236  WARN 34476 --- [Thread-7] c.a.n.common.http.HttpClientBeanHolder   : [HttpClientBeanHolder] Start destroying common HttpClient
08:34:04:233  WARN 34476 --- [Thread-4] c.a.nacos.common.notify.NotifyCenter     : [NotifyCenter] Start destroying Publisher
08:34:04:236  WARN 4380 --- [Thread-7] c.a.n.common.http.HttpClientBeanHolder   : [HttpClientBeanHolder] Start destroying common HttpClient
08:34:04:236  WARN 34476 --- [Thread-4] c.a.nacos.common.notify.NotifyCenter     : [NotifyCenter] Destruction of the end
08:34:04:238  WARN 34476 --- [Thread-7] c.a.n.common.http.HttpClientBeanHolder   : [HttpClientBeanHolder] Destruction of the end
08:34:04:239  WARN 4380 --- [Thread-7] c.a.n.common.http.HttpClientBeanHolder   : [HttpClientBeanHolder] Destruction of the end
08:34:04:295  INFO 4380 --- [SpringApplicationShutdownHook] c.a.c.n.registry.NacosServiceRegistry    : De-registering from Nacos Server now...
08:34:04:303  INFO 34476 --- [SpringApplicationShutdownHook] c.a.c.n.registry.NacosServiceRegistry    : De-registering from Nacos Server now...
08:34:04:305  INFO 4380 --- [SpringApplicationShutdownHook] c.a.c.n.registry.NacosServiceRegistry    : De-registration finished.
08:34:04:311  INFO 34476 --- [SpringApplicationShutdownHook] c.a.c.n.registry.NacosServiceRegistry    : De-registration finished.
08:34:04:628  INFO 4380 --- [SpringApplicationShutdownHook] com.alibaba.nacos.common.remote.client   : Shutdown rpc client, set status to shutdown
08:34:04:628  INFO 4380 --- [SpringApplicationShutdownHook] com.alibaba.nacos.common.remote.client   : Shutdown client event executor java.util.concurrent.ScheduledThreadPoolExecutor@1eb6037d[Running, pool size = 2, active threads = 2, queued tasks = 0, completed tasks = 0]
08:34:04:628  INFO 4380 --- [SpringApplicationShutdownHook] com.alibaba.nacos.common.remote.client   : Close current connection 1741652972804_192.168.160.1_58804
08:34:04:638  INFO 4380 --- [nacos-grpc-client-executor-65] c.a.n.c.remote.client.grpc.GrpcClient    : [1741652972804_192.168.160.1_58804]Ignore complete event,isRunning:false,isAbandon=false
08:34:04:638  INFO 34476 --- [SpringApplicationShutdownHook] com.alibaba.nacos.common.remote.client   : Shutdown rpc client, set status to shutdown
08:34:04:638  INFO 34476 --- [SpringApplicationShutdownHook] com.alibaba.nacos.common.remote.client   : Shutdown client event executor java.util.concurrent.ScheduledThreadPoolExecutor@28b5d5dc[Running, pool size = 2, active threads = 2, queued tasks = 0, completed tasks = 0]
08:34:04:638  INFO 34476 --- [SpringApplicationShutdownHook] com.alibaba.nacos.common.remote.client   : Close current connection 1741652981314_192.168.160.1_58816
08:34:04:645  INFO 4380 --- [SpringApplicationShutdownHook] c.a.n.c.remote.client.grpc.GrpcClient    : Shutdown grpc executor java.util.concurrent.ThreadPoolExecutor@bf4e48e[Running, pool size = 5, active threads = 0, queued tasks = 0, completed tasks = 66]
08:34:04:645  INFO 34476 --- [nacos-grpc-client-executor-56] c.a.n.c.remote.client.grpc.GrpcClient    : [1741652981314_192.168.160.1_58816]Ignore complete event,isRunning:false,isAbandon=false
08:34:04:651  INFO 34476 --- [SpringApplicationShutdownHook] c.a.n.c.remote.client.grpc.GrpcClient    : Shutdown grpc executor java.util.concurrent.ThreadPoolExecutor@6f65aa58[Running, pool size = 5, active threads = 0, queued tasks = 0, completed tasks = 57]
08:40:26:593  INFO 34240 --- [main] com.hmall.item.ItemApplication           : Starting ItemApplication using Java 22.0.1 on LAPTOP-2L2RPIOA with PID 34240 (E:\Microservices Mall\hmall\item-service\target\classes started by keyist in E:\Microservices Mall\hmall)
08:40:26:595 DEBUG 34240 --- [main] com.hmall.item.ItemApplication           : Running with Spring Boot v2.7.12, Spring v5.3.27
08:40:26:596  INFO 34240 --- [main] com.hmall.item.ItemApplication           : The following 1 profile is active: "local"
08:40:27:672  INFO 34240 --- [main] o.s.cloud.context.scope.GenericScope     : BeanFactory id=27b5db73-bd4c-396c-a5d5-6435867d3e11
08:40:28:137  INFO 34240 --- [main] o.s.b.w.embedded.tomcat.TomcatWebServer  : Tomcat initialized with port(s): 8081 (http)
08:40:28:148  INFO 34240 --- [main] o.apache.catalina.core.StandardService   : Starting service [Tomcat]
08:40:28:148  INFO 34240 --- [main] org.apache.catalina.core.StandardEngine  : Starting Servlet engine: [Apache Tomcat/9.0.75]
08:40:28:351  INFO 34240 --- [main] o.a.c.c.C.[Tomcat].[localhost].[/]       : Initializing Spring embedded WebApplicationContext
08:40:28:352  INFO 34240 --- [main] w.s.c.ServletWebServerApplicationContext : Root WebApplicationContext: initialization completed in 1704 ms
08:40:29:279  INFO 34240 --- [main] pertySourcedRequestMappingHandlerMapping : Mapped URL path [/v2/api-docs] onto method [springfox.documentation.swagger2.web.Swagger2ControllerWebMvc#getDocumentation(String, HttpServletRequest)]
08:40:29:451  INFO 34240 --- [main] com.alibaba.nacos.common.remote.client   : [RpcClientFactory] create a new rpc client of d57fc9d3-b03c-4fef-83c3-318bd48b6691
08:40:29:508  INFO 34240 --- [main] org.reflections.Reflections              : Reflections took 26 ms to scan 1 urls, producing 3 keys and 6 values 
08:40:29:530  INFO 34240 --- [main] org.reflections.Reflections              : Reflections took 9 ms to scan 1 urls, producing 4 keys and 9 values 
08:40:29:539  INFO 34240 --- [main] org.reflections.Reflections              : Reflections took 7 ms to scan 1 urls, producing 3 keys and 10 values 
08:40:29:541  WARN 34240 --- [main] org.reflections.Reflections              : given scan urls are empty. set urls in the configuration
08:40:29:548  INFO 34240 --- [main] org.reflections.Reflections              : Reflections took 7 ms to scan 1 urls, producing 1 keys and 5 values 
08:40:29:557  INFO 34240 --- [main] org.reflections.Reflections              : Reflections took 7 ms to scan 1 urls, producing 1 keys and 7 values 
08:40:29:565  INFO 34240 --- [main] org.reflections.Reflections              : Reflections took 6 ms to scan 1 urls, producing 2 keys and 8 values 
08:40:29:568  WARN 34240 --- [main] org.reflections.Reflections              : given scan urls are empty. set urls in the configuration
08:40:29:568  INFO 34240 --- [main] com.alibaba.nacos.common.remote.client   : [d57fc9d3-b03c-4fef-83c3-318bd48b6691] RpcClient init label, labels = {module=naming, source=sdk}
08:40:29:570  INFO 34240 --- [main] com.alibaba.nacos.common.remote.client   : [d57fc9d3-b03c-4fef-83c3-318bd48b6691] RpcClient init, ServerListFactory = com.alibaba.nacos.client.naming.core.ServerListManager
08:40:29:570  INFO 34240 --- [main] com.alibaba.nacos.common.remote.client   : [d57fc9d3-b03c-4fef-83c3-318bd48b6691] Registry connection listener to current client:com.alibaba.nacos.client.naming.remote.gprc.redo.NamingGrpcRedoService
08:40:29:570  INFO 34240 --- [main] com.alibaba.nacos.common.remote.client   : [d57fc9d3-b03c-4fef-83c3-318bd48b6691] Register server push request handler:com.alibaba.nacos.client.naming.remote.gprc.NamingPushRequestHandler
08:40:29:572  INFO 34240 --- [main] com.alibaba.nacos.common.remote.client   : [d57fc9d3-b03c-4fef-83c3-318bd48b6691] Try to connect to server on start up, server: {serverIp = '192.168.160.131', server main port = 8848}
08:40:30:352  INFO 34240 --- [main] com.alibaba.nacos.common.remote.client   : [d57fc9d3-b03c-4fef-83c3-318bd48b6691] Success to connect to server [192.168.160.131:8848] on start up, connectionId = 1741653628728_192.168.160.1_59222
08:40:30:353  INFO 34240 --- [com.alibaba.nacos.client.remote.worker] com.alibaba.nacos.common.remote.client   : [d57fc9d3-b03c-4fef-83c3-318bd48b6691] Notify connected event to listeners.
08:40:30:353  INFO 34240 --- [main] com.alibaba.nacos.common.remote.client   : [d57fc9d3-b03c-4fef-83c3-318bd48b6691] Register server push request handler:com.alibaba.nacos.common.remote.client.RpcClient$ConnectResetRequestHandler
08:40:30:354  INFO 34240 --- [main] com.alibaba.nacos.common.remote.client   : [d57fc9d3-b03c-4fef-83c3-318bd48b6691] Register server push request handler:com.alibaba.nacos.common.remote.client.RpcClient$$Lambda/0x00000273cf754230
08:40:30:412  INFO 34240 --- [main] o.s.b.w.embedded.tomcat.TomcatWebServer  : Tomcat started on port(s): 8081 (http) with context path ''
08:40:30:427  INFO 34240 --- [main] c.a.c.n.registry.NacosServiceRegistry    : nacos registry, DEFAULT_GROUP item-service 192.168.160.1:8081 register finished
08:40:30:439  INFO 34240 --- [main] d.s.w.p.DocumentationPluginsBootstrapper : Documentation plugins bootstrapped
08:40:30:441  INFO 34240 --- [main] d.s.w.p.DocumentationPluginsBootstrapper : Found 1 custom documentation plugin(s)
08:40:30:467  INFO 34240 --- [main] s.d.s.w.s.ApiListingReferenceScanner     : Scanning for api listing references
08:40:30:585  INFO 34240 --- [main] com.hmall.item.ItemApplication           : Started ItemApplication in 4.558 seconds (JVM running for 5.298)
08:40:30:622  INFO 29924 --- [main] com.hmall.item.ItemApplication           : Starting ItemApplication using Java 22.0.1 on LAPTOP-2L2RPIOA with PID 29924 (E:\Microservices Mall\hmall\item-service\target\classes started by keyist in E:\Microservices Mall\hmall)
08:40:30:625 DEBUG 29924 --- [main] com.hmall.item.ItemApplication           : Running with Spring Boot v2.7.12, Spring v5.3.27
08:40:30:626  INFO 29924 --- [main] com.hmall.item.ItemApplication           : The following 1 profile is active: "local"
08:40:30:934  INFO 34240 --- [nacos-grpc-client-executor-8] com.alibaba.nacos.common.remote.client   : [d57fc9d3-b03c-4fef-83c3-318bd48b6691] Receive server push request, request = NotifySubscriberRequest, requestId = 5
08:40:30:938  INFO 34240 --- [nacos-grpc-client-executor-8] com.alibaba.nacos.common.remote.client   : [d57fc9d3-b03c-4fef-83c3-318bd48b6691] Ack server push request, request = NotifySubscriberRequest, requestId = 5
08:40:31:785  INFO 29924 --- [main] o.s.cloud.context.scope.GenericScope     : BeanFactory id=27b5db73-bd4c-396c-a5d5-6435867d3e11
08:40:32:244  INFO 29924 --- [main] o.s.b.w.embedded.tomcat.TomcatWebServer  : Tomcat initialized with port(s): 8083 (http)
08:40:32:254  INFO 29924 --- [main] o.apache.catalina.core.StandardService   : Starting service [Tomcat]
08:40:32:255  INFO 29924 --- [main] org.apache.catalina.core.StandardEngine  : Starting Servlet engine: [Apache Tomcat/9.0.75]
08:40:32:436  INFO 29924 --- [main] o.a.c.c.C.[Tomcat].[localhost].[/]       : Initializing Spring embedded WebApplicationContext
08:40:32:437  INFO 29924 --- [main] w.s.c.ServletWebServerApplicationContext : Root WebApplicationContext: initialization completed in 1768 ms
08:40:33:645  INFO 29924 --- [main] pertySourcedRequestMappingHandlerMapping : Mapped URL path [/v2/api-docs] onto method [springfox.documentation.swagger2.web.Swagger2ControllerWebMvc#getDocumentation(String, HttpServletRequest)]
08:40:33:871  INFO 29924 --- [main] com.alibaba.nacos.common.remote.client   : [RpcClientFactory] create a new rpc client of 382fb831-7e67-4364-84c0-4b2394d883f2
08:40:33:933  INFO 29924 --- [main] org.reflections.Reflections              : Reflections took 30 ms to scan 1 urls, producing 3 keys and 6 values 
08:40:33:959  INFO 29924 --- [main] org.reflections.Reflections              : Reflections took 11 ms to scan 1 urls, producing 4 keys and 9 values 
08:40:33:970  INFO 29924 --- [main] org.reflections.Reflections              : Reflections took 7 ms to scan 1 urls, producing 3 keys and 10 values 
08:40:33:973  WARN 29924 --- [main] org.reflections.Reflections              : given scan urls are empty. set urls in the configuration
08:40:33:982  INFO 29924 --- [main] org.reflections.Reflections              : Reflections took 8 ms to scan 1 urls, producing 1 keys and 5 values 
08:40:33:994  INFO 29924 --- [main] org.reflections.Reflections              : Reflections took 10 ms to scan 1 urls, producing 1 keys and 7 values 
08:40:34:006  INFO 29924 --- [main] org.reflections.Reflections              : Reflections took 9 ms to scan 1 urls, producing 2 keys and 8 values 
08:40:34:008  WARN 29924 --- [main] org.reflections.Reflections              : given scan urls are empty. set urls in the configuration
08:40:34:009  INFO 29924 --- [main] com.alibaba.nacos.common.remote.client   : [382fb831-7e67-4364-84c0-4b2394d883f2] RpcClient init label, labels = {module=naming, source=sdk}
08:40:34:010  INFO 29924 --- [main] com.alibaba.nacos.common.remote.client   : [382fb831-7e67-4364-84c0-4b2394d883f2] RpcClient init, ServerListFactory = com.alibaba.nacos.client.naming.core.ServerListManager
08:40:34:011  INFO 29924 --- [main] com.alibaba.nacos.common.remote.client   : [382fb831-7e67-4364-84c0-4b2394d883f2] Registry connection listener to current client:com.alibaba.nacos.client.naming.remote.gprc.redo.NamingGrpcRedoService
08:40:34:012  INFO 29924 --- [main] com.alibaba.nacos.common.remote.client   : [382fb831-7e67-4364-84c0-4b2394d883f2] Register server push request handler:com.alibaba.nacos.client.naming.remote.gprc.NamingPushRequestHandler
08:40:34:015  INFO 29924 --- [main] com.alibaba.nacos.common.remote.client   : [382fb831-7e67-4364-84c0-4b2394d883f2] Try to connect to server on start up, server: {serverIp = '192.168.160.131', server main port = 8848}
08:40:34:870  INFO 29924 --- [main] com.alibaba.nacos.common.remote.client   : [382fb831-7e67-4364-84c0-4b2394d883f2] Success to connect to server [192.168.160.131:8848] on start up, connectionId = 1741653633235_192.168.160.1_59227
08:40:34:871  INFO 29924 --- [com.alibaba.nacos.client.remote.worker] com.alibaba.nacos.common.remote.client   : [382fb831-7e67-4364-84c0-4b2394d883f2] Notify connected event to listeners.
08:40:34:872  INFO 29924 --- [main] com.alibaba.nacos.common.remote.client   : [382fb831-7e67-4364-84c0-4b2394d883f2] Register server push request handler:com.alibaba.nacos.common.remote.client.RpcClient$ConnectResetRequestHandler
08:40:34:872  INFO 29924 --- [main] com.alibaba.nacos.common.remote.client   : [382fb831-7e67-4364-84c0-4b2394d883f2] Register server push request handler:com.alibaba.nacos.common.remote.client.RpcClient$$Lambda/0x00000148817520d8
08:40:34:962  INFO 29924 --- [main] o.s.b.w.embedded.tomcat.TomcatWebServer  : Tomcat started on port(s): 8083 (http) with context path ''
08:40:34:980  INFO 29924 --- [main] c.a.c.n.registry.NacosServiceRegistry    : nacos registry, DEFAULT_GROUP item-service 192.168.160.1:8083 register finished
08:40:34:993  INFO 29924 --- [main] d.s.w.p.DocumentationPluginsBootstrapper : Documentation plugins bootstrapped
08:40:34:996  INFO 29924 --- [main] d.s.w.p.DocumentationPluginsBootstrapper : Found 1 custom documentation plugin(s)
08:40:35:037  INFO 29924 --- [main] s.d.s.w.s.ApiListingReferenceScanner     : Scanning for api listing references
08:40:35:223  INFO 29924 --- [main] com.hmall.item.ItemApplication           : Started ItemApplication in 5.111 seconds (JVM running for 5.844)
08:40:35:499  INFO 34240 --- [nacos-grpc-client-executor-10] com.alibaba.nacos.common.remote.client   : [d57fc9d3-b03c-4fef-83c3-318bd48b6691] Receive server push request, request = NotifySubscriberRequest, requestId = 7
08:40:35:506  INFO 34240 --- [nacos-grpc-client-executor-10] com.alibaba.nacos.common.remote.client   : [d57fc9d3-b03c-4fef-83c3-318bd48b6691] Ack server push request, request = NotifySubscriberRequest, requestId = 7
08:40:35:520  INFO 29924 --- [nacos-grpc-client-executor-8] com.alibaba.nacos.common.remote.client   : [382fb831-7e67-4364-84c0-4b2394d883f2] Receive server push request, request = NotifySubscriberRequest, requestId = 6
08:40:35:524  INFO 29924 --- [nacos-grpc-client-executor-8] com.alibaba.nacos.common.remote.client   : [382fb831-7e67-4364-84c0-4b2394d883f2] Ack server push request, request = NotifySubscriberRequest, requestId = 6
08:41:07:473  INFO 29924 --- [http-nio-8083-exec-1] o.a.c.c.C.[Tomcat].[localhost].[/]       : Initializing Spring DispatcherServlet 'dispatcherServlet'
08:41:07:478  INFO 29924 --- [http-nio-8083-exec-1] o.s.web.servlet.DispatcherServlet        : Initializing Servlet 'dispatcherServlet'
08:41:07:481  INFO 29924 --- [http-nio-8083-exec-1] o.s.web.servlet.DispatcherServlet        : Completed initialization in 3 ms
08:41:07:641  INFO 29924 --- [http-nio-8083-exec-1] com.zaxxer.hikari.HikariDataSource       : HikariPool-1 - Starting...
08:41:08:388  INFO 29924 --- [http-nio-8083-exec-1] com.zaxxer.hikari.HikariDataSource       : HikariPool-1 - Start completed.
08:41:08:406 DEBUG 29924 --- [http-nio-8083-exec-1] c.h.i.mapper.ItemMapper.selectBatchIds   : ==>  Preparing: SELECT id,name,price,stock,image,category,brand,spec,sold,comment_count,isAD,status,create_time,update_time,creater,updater FROM item WHERE id IN ( ? )
08:41:08:472 DEBUG 29924 --- [http-nio-8083-exec-1] c.h.i.mapper.ItemMapper.selectBatchIds   : ==> Parameters: 100000006163(Long)
08:41:08:546 DEBUG 29924 --- [http-nio-8083-exec-1] c.h.i.mapper.ItemMapper.selectBatchIds   : <==      Total: 1
08:41:15:603  WARN 34240 --- [Thread-4] c.a.nacos.common.notify.NotifyCenter     : [NotifyCenter] Start destroying Publisher
08:41:15:603  WARN 34240 --- [Thread-7] c.a.n.common.http.HttpClientBeanHolder   : [HttpClientBeanHolder] Start destroying common HttpClient
08:41:15:604  WARN 34240 --- [Thread-4] c.a.nacos.common.notify.NotifyCenter     : [NotifyCenter] Destruction of the end
08:41:15:604  WARN 34240 --- [Thread-7] c.a.n.common.http.HttpClientBeanHolder   : [HttpClientBeanHolder] Destruction of the end
08:41:15:609  WARN 29924 --- [Thread-4] c.a.nacos.common.notify.NotifyCenter     : [NotifyCenter] Start destroying Publisher
08:41:15:609  WARN 29924 --- [Thread-7] c.a.n.common.http.HttpClientBeanHolder   : [HttpClientBeanHolder] Start destroying common HttpClient
08:41:15:609  WARN 29924 --- [Thread-4] c.a.nacos.common.notify.NotifyCenter     : [NotifyCenter] Destruction of the end
08:41:15:609  WARN 29924 --- [Thread-7] c.a.n.common.http.HttpClientBeanHolder   : [HttpClientBeanHolder] Destruction of the end
08:41:15:653  INFO 34240 --- [SpringApplicationShutdownHook] c.a.c.n.registry.NacosServiceRegistry    : De-registering from Nacos Server now...
08:41:15:666  INFO 29924 --- [SpringApplicationShutdownHook] c.a.c.n.registry.NacosServiceRegistry    : De-registering from Nacos Server now...
08:41:15:670  INFO 34240 --- [SpringApplicationShutdownHook] c.a.c.n.registry.NacosServiceRegistry    : De-registration finished.
08:41:15:676  INFO 29924 --- [SpringApplicationShutdownHook] c.a.c.n.registry.NacosServiceRegistry    : De-registration finished.
08:41:15:993  INFO 34240 --- [SpringApplicationShutdownHook] com.alibaba.nacos.common.remote.client   : Shutdown rpc client, set status to shutdown
08:41:15:993  INFO 34240 --- [SpringApplicationShutdownHook] com.alibaba.nacos.common.remote.client   : Shutdown client event executor java.util.concurrent.ScheduledThreadPoolExecutor@28b5d5dc[Running, pool size = 2, active threads = 2, queued tasks = 0, completed tasks = 0]
08:41:15:993  INFO 34240 --- [SpringApplicationShutdownHook] com.alibaba.nacos.common.remote.client   : Close current connection 1741653628728_192.168.160.1_59222
08:41:15:998  INFO 29924 --- [SpringApplicationShutdownHook] com.alibaba.nacos.common.remote.client   : Shutdown rpc client, set status to shutdown
08:41:15:998  INFO 29924 --- [SpringApplicationShutdownHook] com.alibaba.nacos.common.remote.client   : Shutdown client event executor java.util.concurrent.ScheduledThreadPoolExecutor@28b5d5dc[Running, pool size = 2, active threads = 2, queued tasks = 0, completed tasks = 0]
08:41:15:998  INFO 29924 --- [SpringApplicationShutdownHook] com.alibaba.nacos.common.remote.client   : Close current connection 1741653633235_192.168.160.1_59227
08:41:16:003  INFO 34240 --- [nacos-grpc-client-executor-23] c.a.n.c.remote.client.grpc.GrpcClient    : [1741653628728_192.168.160.1_59222]Ignore complete event,isRunning:false,isAbandon=false
08:41:16:003  INFO 29924 --- [nacos-grpc-client-executor-20] c.a.n.c.remote.client.grpc.GrpcClient    : [1741653633235_192.168.160.1_59227]Ignore complete event,isRunning:false,isAbandon=false
08:41:16:009  INFO 29924 --- [SpringApplicationShutdownHook] c.a.n.c.remote.client.grpc.GrpcClient    : Shutdown grpc executor java.util.concurrent.ThreadPoolExecutor@6f65aa58[Running, pool size = 6, active threads = 0, queued tasks = 0, completed tasks = 21]
08:41:16:009  INFO 34240 --- [SpringApplicationShutdownHook] c.a.n.c.remote.client.grpc.GrpcClient    : Shutdown grpc executor java.util.concurrent.ThreadPoolExecutor@6f65aa58[Running, pool size = 6, active threads = 0, queued tasks = 0, completed tasks = 24]
08:41:16:022  INFO 29924 --- [SpringApplicationShutdownHook] com.zaxxer.hikari.HikariDataSource       : HikariPool-1 - Shutdown initiated...
08:41:16:053  INFO 29924 --- [SpringApplicationShutdownHook] com.zaxxer.hikari.HikariDataSource       : HikariPool-1 - Shutdown completed.
